mode: atomic
github.com/taxibeat/harvester/log/log.go:12.48,14.3 1 1
github.com/taxibeat/harvester/log/log.go:15.48,17.3 1 1
github.com/taxibeat/harvester/log/log.go:18.49,20.3 1 1
github.com/taxibeat/harvester/log/log.go:24.38,25.16 1 4
github.com/taxibeat/harvester/log/log.go:28.2,28.16 1 3
github.com/taxibeat/harvester/log/log.go:31.2,31.16 1 2
github.com/taxibeat/harvester/log/log.go:34.2,37.12 4 1
github.com/taxibeat/harvester/log/log.go:25.16,27.3 1 1
github.com/taxibeat/harvester/log/log.go:28.16,30.3 1 1
github.com/taxibeat/harvester/log/log.go:31.16,33.3 1 1
github.com/taxibeat/harvester/log/log.go:41.45,43.2 1 1
github.com/taxibeat/harvester/log/log.go:46.45,48.2 1 1
github.com/taxibeat/harvester/log/log.go:51.46,53.2 1 1
github.com/taxibeat/harvester/config/config.go:39.44,40.16 1 13
github.com/taxibeat/harvester/config/config.go:43.2,44.30 2 12
github.com/taxibeat/harvester/config/config.go:47.2,48.16 2 11
github.com/taxibeat/harvester/config/config.go:51.2,51.67 1 9
github.com/taxibeat/harvester/config/config.go:40.16,42.3 1 1
github.com/taxibeat/harvester/config/config.go:44.30,46.3 1 1
github.com/taxibeat/harvester/config/config.go:48.16,50.3 1 2
github.com/taxibeat/harvester/config/config.go:55.67,59.14 4 8
github.com/taxibeat/harvester/config/config.go:83.2,83.12 1 4
github.com/taxibeat/harvester/config/config.go:60.20,62.17 2 2
github.com/taxibeat/harvester/config/config.go:65.3,65.15 1 1
github.com/taxibeat/harvester/config/config.go:66.22,67.21 1 1
github.com/taxibeat/harvester/config/config.go:68.21,70.17 2 2
github.com/taxibeat/harvester/config/config.go:73.3,73.14 1 1
github.com/taxibeat/harvester/config/config.go:74.23,76.17 2 2
github.com/taxibeat/harvester/config/config.go:79.3,79.16 1 1
github.com/taxibeat/harvester/config/config.go:80.10,81.50 1 1
github.com/taxibeat/harvester/config/config.go:62.17,64.4 1 1
github.com/taxibeat/harvester/config/config.go:70.17,72.4 1 1
github.com/taxibeat/harvester/config/config.go:76.17,78.4 1 1
github.com/taxibeat/harvester/config/config.go:86.51,89.37 3 11
github.com/taxibeat/harvester/config/config.go:118.2,118.16 1 9
github.com/taxibeat/harvester/config/config.go:89.37,92.29 3 41
github.com/taxibeat/harvester/config/config.go:95.3,102.9 3 40
github.com/taxibeat/harvester/config/config.go:105.3,106.9 2 40
github.com/taxibeat/harvester/config/config.go:109.3,110.9 2 40
github.com/taxibeat/harvester/config/config.go:116.3,116.21 1 39
github.com/taxibeat/harvester/config/config.go:92.29,94.4 1 1
github.com/taxibeat/harvester/config/config.go:102.9,104.4 1 29
github.com/taxibeat/harvester/config/config.go:106.9,108.4 1 40
github.com/taxibeat/harvester/config/config.go:110.9,111.53 1 30
github.com/taxibeat/harvester/config/config.go:114.4,114.35 1 29
github.com/taxibeat/harvester/config/config.go:111.53,113.5 1 1
github.com/taxibeat/harvester/config/config.go:121.46,122.14 1 41
github.com/taxibeat/harvester/config/config.go:123.68,124.14 1 40
github.com/taxibeat/harvester/config/config.go:125.10,126.15 1 1
github.com/taxibeat/harvester/config/config.go:130.80,132.8 2 30
github.com/taxibeat/harvester/config/config.go:137.2,138.14 2 29
github.com/taxibeat/harvester/config/config.go:132.8,133.17 1 19
github.com/taxibeat/harvester/config/config.go:133.17,135.4 1 1
github.com/taxibeat/harvester/seed/seed.go:23.65,24.19 1 4
github.com/taxibeat/harvester/seed/seed.go:27.2,27.46 1 3
github.com/taxibeat/harvester/seed/seed.go:24.19,26.3 1 1
github.com/taxibeat/harvester/seed/seed.go:36.31,38.23 2 6
github.com/taxibeat/harvester/seed/seed.go:41.2,41.29 1 6
github.com/taxibeat/harvester/seed/seed.go:38.23,40.3 1 3
github.com/taxibeat/harvester/seed/seed.go:45.49,46.31 1 6
github.com/taxibeat/harvester/seed/seed.go:85.2,85.12 1 1
github.com/taxibeat/harvester/seed/seed.go:46.31,48.9 2 15
github.com/taxibeat/harvester/seed/seed.go:55.3,56.9 2 14
github.com/taxibeat/harvester/seed/seed.go:68.3,69.9 2 13
github.com/taxibeat/harvester/seed/seed.go:48.9,50.18 2 13
github.com/taxibeat/harvester/seed/seed.go:53.4,53.57 1 12
github.com/taxibeat/harvester/seed/seed.go:50.18,52.5 1 1
github.com/taxibeat/harvester/seed/seed.go:56.9,58.10 2 10
github.com/taxibeat/harvester/seed/seed.go:58.10,60.19 2 4
github.com/taxibeat/harvester/seed/seed.go:63.5,63.61 1 3
github.com/taxibeat/harvester/seed/seed.go:60.19,62.6 1 1
github.com/taxibeat/harvester/seed/seed.go:64.10,66.5 1 6
github.com/taxibeat/harvester/seed/seed.go:69.9,71.11 2 4
github.com/taxibeat/harvester/seed/seed.go:74.4,75.18 2 3
github.com/taxibeat/harvester/seed/seed.go:78.4,79.18 2 2
github.com/taxibeat/harvester/seed/seed.go:82.4,82.59 1 1
github.com/taxibeat/harvester/seed/seed.go:71.11,73.5 1 1
github.com/taxibeat/harvester/seed/seed.go:75.18,77.5 1 1
github.com/taxibeat/harvester/seed/seed.go:79.18,81.5 1 1
github.com/taxibeat/harvester/seed/consul/getter.go:18.74,19.16 1 6
github.com/taxibeat/harvester/seed/consul/getter.go:22.2,22.18 1 5
github.com/taxibeat/harvester/seed/consul/getter.go:26.2,31.16 5 5
github.com/taxibeat/harvester/seed/consul/getter.go:34.2,37.16 3 5
github.com/taxibeat/harvester/seed/consul/getter.go:40.2,40.60 1 5
github.com/taxibeat/harvester/seed/consul/getter.go:19.16,21.3 1 1
github.com/taxibeat/harvester/seed/consul/getter.go:22.18,24.3 1 5
github.com/taxibeat/harvester/seed/consul/getter.go:31.16,33.3 1 0
github.com/taxibeat/harvester/seed/consul/getter.go:37.16,39.3 1 0
github.com/taxibeat/harvester/seed/consul/getter.go:44.50,46.16 2 3
github.com/taxibeat/harvester/seed/consul/getter.go:49.2,49.17 1 2
github.com/taxibeat/harvester/seed/consul/getter.go:52.2,52.32 1 1
github.com/taxibeat/harvester/seed/consul/getter.go:46.16,48.3 1 1
github.com/taxibeat/harvester/seed/consul/getter.go:49.17,51.3 1 1
github.com/taxibeat/harvester/change/change.go:14.79,16.2 1 1
github.com/taxibeat/harvester/change/change.go:19.40,21.2 1 1
github.com/taxibeat/harvester/change/change.go:24.30,26.2 1 1
github.com/taxibeat/harvester/change/change.go:29.32,31.2 1 1
github.com/taxibeat/harvester/change/change.go:34.34,36.2 1 1
github.com/taxibeat/harvester/monitor/consul/watcher.go:24.34,26.2 1 1
github.com/taxibeat/harvester/monitor/consul/watcher.go:29.37,31.2 1 1
github.com/taxibeat/harvester/monitor/consul/watcher.go:43.87,44.16 1 6
github.com/taxibeat/harvester/monitor/consul/watcher.go:47.2,47.18 1 5
github.com/taxibeat/harvester/monitor/consul/watcher.go:50.2,50.18 1 4
github.com/taxibeat/harvester/monitor/consul/watcher.go:53.2,57.16 5 4
github.com/taxibeat/harvester/monitor/consul/watcher.go:60.2,63.16 3 4
github.com/taxibeat/harvester/monitor/consul/watcher.go:66.2,66.60 1 4
github.com/taxibeat/harvester/monitor/consul/watcher.go:44.16,46.3 1 1
github.com/taxibeat/harvester/monitor/consul/watcher.go:47.18,49.3 1 1
github.com/taxibeat/harvester/monitor/consul/watcher.go:50.18,52.3 1 3
github.com/taxibeat/harvester/monitor/consul/watcher.go:57.16,59.3 1 0
github.com/taxibeat/harvester/monitor/consul/watcher.go:63.16,65.3 1 0
github.com/taxibeat/harvester/monitor/consul/watcher.go:70.100,71.16 1 3
github.com/taxibeat/harvester/monitor/consul/watcher.go:74.2,74.15 1 2
github.com/taxibeat/harvester/monitor/consul/watcher.go:77.2,77.25 1 1
github.com/taxibeat/harvester/monitor/consul/watcher.go:106.2,106.12 1 1
github.com/taxibeat/harvester/monitor/consul/watcher.go:113.2,113.12 1 1
github.com/taxibeat/harvester/monitor/consul/watcher.go:71.16,73.3 1 1
github.com/taxibeat/harvester/monitor/consul/watcher.go:74.15,76.3 1 1
github.com/taxibeat/harvester/monitor/consul/watcher.go:77.25,80.15 3 2
github.com/taxibeat/harvester/monitor/consul/watcher.go:86.3,86.17 1 2
github.com/taxibeat/harvester/monitor/consul/watcher.go:89.3,90.27 2 2
github.com/taxibeat/harvester/monitor/consul/watcher.go:81.14,82.47 1 1
github.com/taxibeat/harvester/monitor/consul/watcher.go:83.20,84.50 1 1
github.com/taxibeat/harvester/monitor/consul/watcher.go:86.17,88.4 1 0
github.com/taxibeat/harvester/monitor/consul/watcher.go:90.27,93.21 2 2
github.com/taxibeat/harvester/monitor/consul/watcher.go:96.4,98.18 3 2
github.com/taxibeat/harvester/monitor/consul/watcher.go:93.21,95.5 1 2
github.com/taxibeat/harvester/monitor/consul/watcher.go:98.18,99.21 1 0
github.com/taxibeat/harvester/monitor/consul/watcher.go:102.5,102.71 1 0
github.com/taxibeat/harvester/monitor/consul/watcher.go:99.21,101.6 1 0
github.com/taxibeat/harvester/monitor/consul/watcher.go:106.12,108.27 2 1
github.com/taxibeat/harvester/monitor/consul/watcher.go:108.27,110.4 1 2
github.com/taxibeat/harvester/monitor/consul/watcher.go:116.114,118.16 2 1
github.com/taxibeat/harvester/monitor/consul/watcher.go:121.2,121.50 1 1
github.com/taxibeat/harvester/monitor/consul/watcher.go:131.2,131.16 1 1
github.com/taxibeat/harvester/monitor/consul/watcher.go:118.16,120.3 1 0
github.com/taxibeat/harvester/monitor/consul/watcher.go:121.50,123.10 2 1
github.com/taxibeat/harvester/monitor/consul/watcher.go:129.3,129.106 1 1
github.com/taxibeat/harvester/monitor/consul/watcher.go:123.10,124.20 1 0
github.com/taxibeat/harvester/monitor/consul/watcher.go:127.4,127.56 1 0
github.com/taxibeat/harvester/monitor/consul/watcher.go:124.20,126.5 1 0
github.com/taxibeat/harvester/monitor/consul/watcher.go:134.117,136.16 2 1
github.com/taxibeat/harvester/monitor/consul/watcher.go:139.2,139.50 1 1
github.com/taxibeat/harvester/monitor/consul/watcher.go:153.2,153.16 1 1
github.com/taxibeat/harvester/monitor/consul/watcher.go:136.16,138.3 1 0
github.com/taxibeat/harvester/monitor/consul/watcher.go:139.50,141.10 2 1
github.com/taxibeat/harvester/monitor/consul/watcher.go:147.3,148.32 2 1
github.com/taxibeat/harvester/monitor/consul/watcher.go:151.3,151.11 1 1
github.com/taxibeat/harvester/monitor/consul/watcher.go:141.10,142.20 1 0
github.com/taxibeat/harvester/monitor/consul/watcher.go:145.4,145.57 1 0
github.com/taxibeat/harvester/monitor/consul/watcher.go:142.20,144.5 1 0
github.com/taxibeat/harvester/monitor/consul/watcher.go:148.32,150.4 1 2
github.com/taxibeat/harvester/monitor/consul/watcher.go:156.64,160.17 4 2
github.com/taxibeat/harvester/monitor/consul/watcher.go:165.2,166.28 2 2
github.com/taxibeat/harvester/monitor/consul/watcher.go:160.17,162.3 1 1
github.com/taxibeat/harvester/monitor/consul/watcher.go:162.8,164.3 1 1
github.com/taxibeat/harvester/harvester.go:37.56,39.16 2 3
github.com/taxibeat/harvester/harvester.go:42.2,42.22 1 2
github.com/taxibeat/harvester/harvester.go:45.2,45.40 1 1
github.com/taxibeat/harvester/harvester.go:39.16,41.3 1 1
github.com/taxibeat/harvester/harvester.go:42.22,44.3 1 1
github.com/taxibeat/harvester/harvester.go:57.36,60.16 3 7
github.com/taxibeat/harvester/harvester.go:64.2,66.10 3 6
github.com/taxibeat/harvester/harvester.go:60.16,63.3 2 1
github.com/taxibeat/harvester/harvester.go:70.98,71.18 1 5
github.com/taxibeat/harvester/harvester.go:74.2,75.16 2 4
github.com/taxibeat/harvester/harvester.go:79.2,80.16 2 3
github.com/taxibeat/harvester/harvester.go:84.2,85.10 2 3
github.com/taxibeat/harvester/harvester.go:71.18,73.3 1 1
github.com/taxibeat/harvester/harvester.go:75.16,78.3 2 1
github.com/taxibeat/harvester/harvester.go:80.16,83.3 2 0
github.com/taxibeat/harvester/harvester.go:89.112,90.18 1 5
github.com/taxibeat/harvester/harvester.go:93.2,94.16 2 3
github.com/taxibeat/harvester/harvester.go:98.2,99.10 2 2
github.com/taxibeat/harvester/harvester.go:90.18,92.3 1 2
github.com/taxibeat/harvester/harvester.go:94.16,97.3 2 1
github.com/taxibeat/harvester/harvester.go:103.47,104.18 1 7
github.com/taxibeat/harvester/harvester.go:107.2,111.26 4 4
github.com/taxibeat/harvester/harvester.go:114.2,115.16 2 2
github.com/taxibeat/harvester/harvester.go:118.2,118.78 1 2
github.com/taxibeat/harvester/harvester.go:104.18,106.3 1 3
github.com/taxibeat/harvester/harvester.go:111.26,113.3 1 2
github.com/taxibeat/harvester/harvester.go:115.16,117.3 1 0
github.com/taxibeat/harvester/monitor/monitor.go:28.63,29.16 1 6
github.com/taxibeat/harvester/monitor/monitor.go:32.2,32.18 1 5
github.com/taxibeat/harvester/monitor/monitor.go:35.2,36.16 2 4
github.com/taxibeat/harvester/monitor/monitor.go:39.2,39.48 1 3
github.com/taxibeat/harvester/monitor/monitor.go:29.16,31.3 1 1
github.com/taxibeat/harvester/monitor/monitor.go:32.18,34.3 1 1
github.com/taxibeat/harvester/monitor/monitor.go:36.16,38.3 1 1
github.com/taxibeat/harvester/monitor/monitor.go:42.57,44.23 2 4
github.com/taxibeat/harvester/monitor/monitor.go:60.2,60.16 1 3
github.com/taxibeat/harvester/monitor/monitor.go:44.23,46.10 2 16
github.com/taxibeat/harvester/monitor/monitor.go:49.3,50.10 2 12
github.com/taxibeat/harvester/monitor/monitor.go:46.10,47.12 1 4
github.com/taxibeat/harvester/monitor/monitor.go:50.10,52.4 1 4
github.com/taxibeat/harvester/monitor/monitor.go:52.9,54.10 2 8
github.com/taxibeat/harvester/monitor/monitor.go:57.4,57.36 1 7
github.com/taxibeat/harvester/monitor/monitor.go:54.10,56.5 1 1
github.com/taxibeat/harvester/monitor/monitor.go:64.74,68.25 3 2
github.com/taxibeat/harvester/monitor/monitor.go:74.2,74.12 1 1
github.com/taxibeat/harvester/monitor/monitor.go:68.25,70.17 2 3
github.com/taxibeat/harvester/monitor/monitor.go:70.17,72.4 1 1
github.com/taxibeat/harvester/monitor/monitor.go:77.76,78.6 1 2
github.com/taxibeat/harvester/monitor/monitor.go:78.6,79.10 1 4
github.com/taxibeat/harvester/monitor/monitor.go:80.21,81.10 1 1
github.com/taxibeat/harvester/monitor/monitor.go:82.18,83.20 1 2
github.com/taxibeat/harvester/monitor/monitor.go:88.52,89.23 1 2
github.com/taxibeat/harvester/monitor/monitor.go:89.23,91.10 2 12
github.com/taxibeat/harvester/monitor/monitor.go:95.3,96.10 2 10
github.com/taxibeat/harvester/monitor/monitor.go:100.3,100.32 1 8
github.com/taxibeat/harvester/monitor/monitor.go:104.3,105.17 2 6
github.com/taxibeat/harvester/monitor/monitor.go:109.3,109.28 1 6
github.com/taxibeat/harvester/monitor/monitor.go:91.10,93.12 2 2
github.com/taxibeat/harvester/monitor/monitor.go:96.10,98.12 2 2
github.com/taxibeat/harvester/monitor/monitor.go:100.32,102.12 2 2
github.com/taxibeat/harvester/monitor/monitor.go:105.17,107.12 2 0
